C51 COMPILER V9.00   MAIN                                                                  04/22/2020 20:17:00 PAGE 1   


C51 COMPILER V9.00, COMPILATION OF MODULE MAIN
OBJECT MODULE PLACED IN .\Objects\main.obj
COMPILER INVOKED BY: E:\Keil\C51\BIN\C51.EXE User\main.c BROWSE DEBUG OBJECTEXTEND PRINT(.\Listings\main.lst) OBJECT(.\O
                    -bjects\main.obj)

line level    source

   1          /********************(C) COPRIGHT 2019 Crownto electronic **************************
   2           * 文件名  ：main.c
   3           * 描述    ：        
   4           * 硬件连接：
   5           * OLED :CS -> P0.3; RST -> P0.1; DC -> P0.2;SCL -> P2.2;SDIN -> P0.0;
   6           *         D0~D7 -> P0口
   7           * PH模块: VCC -> 5V; GND -> GND; PO -> P1.1;
   8           *
   9           * 功能描述：测量PH值液晶显示；
  10                       串口接收测量所得的PH值（波特率9600）；
  11           *           可连接上位机显示PH值；
  12           淘宝店铺地址：https://shop269770855.taobao.com
  13          **********************************************************************************/
  14          
  15          #include <STC12C5A60S2.h>
  16          #include <intrins.h>
  17          #include "oled.h"
  18          #define uchar   unsigned char
  19          #define uint    unsigned int
  20          
  21          #define MAIN_Fosc               11059200L       //定义主时钟, 模拟串口和和延时会自动适应。5~35MHZ  22118400L 
  22          
  23          
  24          #define ADC_OFF()       ADC_CONTR = 0
  25          #define ADC_ON          (1 << 7)
  26          #define ADC_90T         (3 << 5)
  27          #define ADC_180T        (2 << 5)
  28          #define ADC_360T        (1 << 5)
  29          #define ADC_540T        0
  30          #define ADC_FLAG        (1 << 4)        //软件清0
  31          #define ADC_START       (1 << 3)        //自动清0
  32          #define ADC_CH0         0
  33          #define ADC_CH1         1
  34          #define ADC_CH2         2
  35          #define ADC_CH3         3
  36          #define ADC_CH4         4
  37          #define ADC_CH5         5
  38          #define ADC_CH6         6
  39          #define ADC_CH7         7
  40          
  41          /**************变量定义***************************/
  42          float PH=0.0,voltage;
  43          float PH_value=0.0,voltage_value;
  44          
  45          unsigned char disbuff[18]={0}; 
  46          void DelayUs(unsigned int time);   //延时子函数
  47          void Delay1(unsigned int time);          //延时主程序
  48          void  delay_ms_AD(unsigned char ms);
  49          
  50          uint    adc10_start(uchar channel);     //channel = 0~7
  51          unsigned char disbuff1[5] ={0};
  52          uint i;
  53          
  54          void delay_1s()   //延时1s
C51 COMPILER V9.00   MAIN                                                                  04/22/2020 20:17:00 PAGE 2   

  55          {
  56   1              unsigned char i, j, k;
  57   1      
  58   1              _nop_();
  59   1              i = 8;
  60   1              j = 1;
  61   1              k = 243;
  62   1              do
  63   1              {
  64   2                      do
  65   2                      {
  66   3                              while (--k);
  67   3                      } while (--j);
  68   2              } while (--i);
  69   1      }
  70          /*
  71           * 函数名：Get_Voltage_Value
  72           * 描述  ：获取ADC0809的转换电压值
  73           *         
  74           * 输入  ：无
  75           * 输出  ：无
  76           * 说明  ：
  77           *                                              AIN0(0X40):热敏电阻
  78           *                                              AIN1(0X41):悬空
  79           *                                        AIN2(0X42):滑动变阻器
  80           *                                        AIN3(0X43):光敏电阻
  81           */
  82          void PH_Value_Conversion()
  83          {
  84   1                      PH=(PH*5)/1024;
  85   1                PH_value=-5.887*PH+21.677;
  86   1              
  87   1                if((PH_value<=0)){PH_value=0;}
  88   1                      if((PH_value>14)){PH_value=14.1;}
  89   1                      
  90   1                      /*显示酸碱度*/
  91   1                      disbuff[0]=(int)(PH_value*100)/1000+'0';
  92   1                      disbuff[1]=(int)(PH_value*100)%1000/100+'0';    
  93   1                      disbuff[2]='.';
  94   1                      disbuff[3]=(int)(PH_value*100)%100/10+'0';
  95   1                      disbuff[4]=(int)(PH_value*100)%10+'0';
  96   1                      OLED_ShowChar(24,2,disbuff[0]);//显示ASCII字符
  97   1                      OLED_ShowChar(33,2,disbuff[1]);//显示ASCII字符
  98   1                      OLED_ShowChar(42,2,disbuff[2]);//显示ASCII字符
  99   1                      OLED_ShowChar(51,2,disbuff[3]);//显示ASCII字符  
 100   1                      OLED_ShowChar(60,2,disbuff[4]);//显示ASCII字符          
 101   1      }
 102          void StartUART( void )
 103          {                                                       //波特率9600
 104   1           SCON = 0x50;
 105   1           TMOD = 0x20;
 106   1           TH1 = 0xFD;
 107   1           TL1 = 0xFD; 
 108   1           PCON = 0x00;
 109   1           TR1 = 1;
 110   1      }
 111          //**********通过串口将接收到数据发送给PC端**************
 112          void R_S_Byte(uchar R_Byte)
 113          {       
 114   1               SBUF = R_Byte;  
 115   1           while( TI == 0 );                          //查询法
 116   1               TI = 0;    
C51 COMPILER V9.00   MAIN                                                                  04/22/2020 20:17:00 PAGE 3   

 117   1      }
 118          /*
 119           * 函数名：main
 120           * 描述  ：主函数
 121           * 输入  ：无
 122           * 输出  ：无
 123           */
 124          void main(void)
 125          { 
 126   1              StartUART();
 127   1              OLED_Init();                    //初始化OLED  
 128   1              OLED_Clear()    ; 
 129   1      
 130   1              P1ASF = 0x07;                   //12C5A60AD/S2系列模拟输入(AD)选择
 131   1              ADC_CONTR = ADC_360T | ADC_ON;
 132   1              OLED_ShowCHinese(0,0,0);
 133   1              OLED_ShowCHinese(18,0,1);
 134   1              OLED_ShowCHinese(36,0,2);
 135   1              OLED_ShowCHinese(54,0,3);
 136   1              OLED_ShowCHinese(72,0,4);
 137   1              OLED_ShowCHinese(90,0,5);
 138   1              OLED_ShowCHinese(108,0,6);
 139   1              OLED_ShowString(0,2,"PH:");             
 140   1              while(1)
 141   1              {
 142   2                              PH = adc10_start(1);                            
 143   2                              PH_Value_Conversion();
 144   2                                              for(i=0;i<5;i++)
 145   2                                      {
 146   3                                              R_S_Byte(disbuff[i]);
 147   3                                      }       
 148   2                                      R_S_Byte('\r');//发送回车换行符
 149   2                                      R_S_Byte('\n');
 150   2                                delay_1s();
 151   2              }
 152   1      }
 153                  
 154          
 155          ///********************* 做一次ADC转换 *******************/
 156          uint    adc10_start(uchar channel)      //channel = 0~7
 157          {
 158   1              uint    adc;
 159   1              uchar   i;
 160   1      
 161   1              ADC_RES = 0;
 162   1              ADC_RESL = 0;
 163   1      
 164   1              ADC_CONTR = (ADC_CONTR & 0xe0) | ADC_START | channel; 
 165   1      
 166   1              i = 250;
 167   1              do{
 168   2                      if(ADC_CONTR & ADC_FLAG)
 169   2                      {
 170   3                              ADC_CONTR &= ~ADC_FLAG;
 171   3                              adc = (uint)ADC_RES;
 172   3                              adc = (adc << 2) | (ADC_RESL & 3);
 173   3                              return  adc;
 174   3                      }
 175   2              }while(--i);
 176   1              return  1024;
 177   1      }
 178          
C51 COMPILER V9.00   MAIN                                                                  04/22/2020 20:17:00 PAGE 4   

 179          //========================================================================
 180          // 函数: void  delay_ms(unsigned char ms)
 181          // 描述: 延时函数。
 182          // 参数: ms,要延时的ms数.
 183          // 返回: none.
 184          // 版本: VER1.0
 185          // 日期: 2010-12-15
 186          // 备注: 
 187          //========================================================================
 188          void  delay_ms_AD(unsigned char ms)
 189          {
 190   1           unsigned int i;
 191   1               do{
 192   2                    i = MAIN_Fosc / 14000;
 193   2                        while(--i)    ;   //14T per loop
 194   2           }while(--ms);
 195   1      }
 196          
 197          
 198          //延时函数//
 199          void Delay1(unsigned int time)
 200          {
 201   1          unsigned int timeCounter = 0;
 202   1              for (timeCounter = time;timeCounter > 0 ;timeCounter --)
 203   1                      DelayUs(255);
 204   1      }
 205          
 206          void DelayUs(unsigned int time)
 207          {
 208   1              unsigned int timeCounter = 0;
 209   1              for (timeCounter = 0;timeCounter < time;timeCounter ++)
 210   1                      _nop_();
 211   1      }
 212          
 213          


MODULE INFORMATION:   STATIC OVERLAYABLE
   CODE SIZE        =    648    ----
   CONSTANT SIZE    =      4    ----
   XDATA SIZE       =   ----    ----
   PDATA SIZE       =   ----    ----
   DATA SIZE        =     41       2
   IDATA SIZE       =   ----    ----
   BIT SIZE         =   ----    ----
END OF MODULE INFORMATION.


C51 COMPILATION COMPLETE.  0 WARNING(S),  0 ERROR(S)
