C51 COMPILER V9.00   PH_CAIJI                                                              04/22/2020 20:58:59 PAGE 1   


C51 COMPILER V9.00, COMPILATION OF MODULE PH_CAIJI
OBJECT MODULE PLACED IN .\Objects\PH_caiji.obj
COMPILER INVOKED BY: E:\Keil\C51\BIN\C51.EXE user\PH_caiji.c BROWSE INCDIR(.\user) DEBUG OBJECTEXTEND PRINT(.\Listings\P
                    -H_caiji.lst) OBJECT(.\Objects\PH_caiji.obj)

line level    source

   1          /********************(C) COPRIGHT 2019 Crownto electronic **************************
   2           * 文件名  ：main.c
   3           * 描述    ：        
   4           * 硬件连接：
   5           * PCF8591:VCC -> 5V; GND -> GND; SCL -> P1.6;SDA -> P1.7; 
   6           *         OUT1~OUT8 -> P3口
   7           * LCD1602:RS -> P2.5; RW -> P2.6; E -> P2.7;
   8           *         D0~D7 -> P0口
   9           * PH模块: VCC -> 5V; GND -> GND; PO -> AIN0;
  10           *
  11           * 功能描述：测量PH值液晶显示；
  12                       串口接收测量所得的PH值（波特率9600）；
  13           *           可连接上位机显示PH值；
  14          淘宝店铺地址：https://shop269770855.taobao.com
  15          **********************************************************************************/
  16          
  17          #include <reg52.h>
  18          #include <include.h>
  19          
  20          typedef unsigned char uchar;
  21          typedef unsigned char uint;
  22          
  23          /**************外部变量定义************************/
  24          int num=0; 
  25          /**************变量定义***************************/
  26          double PH=0.0;
  27          unsigned char disbuff[5]={0};
  28          double ADC_Voltage=0.0;
  29          
  30          
  31          /*
  32           * 函数名：Get_Voltage_Value
  33           * 描述  ：获取ADC0809的转换电压值
  34           *         
  35           * 输入  ：无
  36           * 输出  ：无
  37           * 说明  ：
  38           *                                              AIN0(0X40):热敏电阻
  39           *                                              AIN1(0X41):悬空
  40           *                                        AIN2(0X42):滑动变阻器
  41           *                                        AIN3(0X43):光敏电阻
  42           */
  43          void Get_Voltage_Value()
  44          {
  45   1                              ISendByte(PCF8591,0x40);
  46   1            num=IRcvByte(PCF8591);  //ADC0 模数转换1      PH电极
  47   1                        ADC_Voltage =num * 5.0/ 255;  //转换为电压值
  48   1      }
  49          /*
  50           * 函数名：Character_Conversion
  51           * 描述  ：延时函数
  52           *         
  53           * 输入  ：unsigned char n：延时量
  54           * 输出  ：无
C51 COMPILER V9.00   PH_CAIJI                                                              04/22/2020 20:58:59 PAGE 2   

  55           * 说明  ：
  56           */
  57          void PH_Value_Conversion()
  58          {       
  59   1              PH=-5.887*ADC_Voltage+21.677;
  60   1              
  61   1              if(PH<=0){PH=0;}
  62   1              if(PH>=14){PH=14;}
  63   1                      
  64   1         /*显示酸碱度*/
  65   1              disbuff[0]=(int)(PH*100)/1000+'0';
  66   1              disbuff[1]=(int)(PH*100)%1000/100+'0';  
  67   1              disbuff[2]='.';
  68   1              disbuff[3]=(int)(PH*100)%100/10+'0';
  69   1              disbuff[4]=(int)(PH*100)%10+'0';
  70   1              
  71   1      }
  72          void display_value()
  73          {
  74   1              
  75   1        /*显示 PH 浓度值*/
  76   1        DisplaySingleChar(0x3,0,disbuff[0]);
  77   1              DisplaySingleChar(0x4,0,disbuff[1]);
  78   1              DisplaySingleChar(0x5,0,disbuff[2]);
  79   1              DisplaySingleChar(0x6,0,disbuff[3]);
  80   1              DisplaySingleChar(0x7,0,disbuff[4]);
  81   1      }
  82          void StartUART( void )
  83          {                                                       //波特率9600
  84   1           SCON = 0x50;
  85   1           TMOD = 0x20;
  86   1           TH1 = 0xFD;
  87   1           TL1 = 0xFD; 
  88   1           PCON = 0x00;
  89   1           TR1 = 1;
  90   1      }
  91          //**********通过串口将接收到数据发送给PC端**************
  92          void R_S_Byte(uchar R_Byte)
  93          {       
  94   1               SBUF = R_Byte;  
  95   1           while( TI == 0 );                          //查询法
  96   1               TI = 0;    
  97   1      }
  98          /*
  99           * 函数名：main
 100           * 描述  ：主函数
 101           * 输入  ：无
 102           * 输出  ：无
 103           */
 104          void main(void)
 105          {
 106   1              int i;
 107   1              LCDInit();
 108   1              StartUART();
 109   1              
 110   1        DisplayString(0x0,0,"  Welcome  PH  ");
 111   1              DisplayString(0x0,1,"Detection system");
 112   1              delay_1s();
 113   1              WriteCmd(LCD_CLS);
 114   1              
 115   1              DisplayString(0x0,0,"PH=");
 116   1              
C51 COMPILER V9.00   PH_CAIJI                                                              04/22/2020 20:58:59 PAGE 3   

 117   1              while(1)
 118   1              {               
 119   2                                      Get_Voltage_Value();
 120   2                                      PH_Value_Conversion();
 121   2                                      display_value(); 
 122   2                              for(i=0;i<5;i++)
 123   2                                      {
 124   3                                              R_S_Byte(disbuff[i]);
 125   3                                      }       
 126   2      //                              R_S_Byte('\r');//发送回车换行符
 127   2      //                              R_S_Byte('\n');
 128   2                                      delay_1s();
 129   2        }     
 130   1      }


MODULE INFORMATION:   STATIC OVERLAYABLE
   CODE SIZE        =    447    ----
   CONSTANT SIZE    =     37    ----
   XDATA SIZE       =   ----    ----
   PDATA SIZE       =   ----    ----
   DATA SIZE        =     15    ----
   IDATA SIZE       =   ----    ----
   BIT SIZE         =   ----    ----
END OF MODULE INFORMATION.


C51 COMPILATION COMPLETE.  0 WARNING(S),  0 ERROR(S)
