C51 COMPILER V9.00   MAIN                                                                  04/22/2020 20:17:16 PAGE 1   


C51 COMPILER V9.00, COMPILATION OF MODULE MAIN
OBJECT MODULE PLACED IN main.OBJ
COMPILER INVOKED BY: E:\Keil\C51\BIN\C51.EXE main.c BROWSE DEBUG OBJECTEXTEND

line level    source

   1          /******************** (C) COPRIGHT 2019 Crownto electronic **************************
   2           * 文件名  ：main.c
   3           * 描述    ：        
   4           * 硬件连接：
   5           * ADC0809:OE -> P1.0; EOC -> P1.1; ST -> P1.2;CLK -> P1.3; A -> P1.4; B -> P1.5; C->P1.6;
   6           *         OUT1~OUT8 -> P3口
   7           * LCD1602:RS -> P0.0; RW -> P0.1; E -> P0.2;
   8           *         D0~D7 -> P2口
   9           * PH模块: VCC -> 5V; GND -> GND; PO -> IN3;
  10           *淘宝店铺地址：https://shop269770855.taobao.com
  11          **********************************************************************************/
  12          #include <reg52.h>
  13          #include <adc0809.h>
  14          #include <1602.h>
  15          #include <intrins.h>
  16          #include <math.h>
  17          unsigned char disbuff[5]={0};
  18          uint num;
  19          float PH_V ,PH;
  20          /**************延时1s函数***************/
  21          void Delay_1s()
  22          {
  23   1           unsigned char a,b,c;
  24   1          for(c=167;c>0;c--)
  25   1              for(b=171;b>0;b--)
  26   1                  for(a=16;a>0;a--);
  27   1      }
  28          
  29          /**************PH值采集函数***************/
  30          void PH_Collection()
  31          {
  32   1              Red_0809 () ;
  33   1              PH_V =num * 5.0 / 256;
  34   1              PH=-5.887*PH_V+21.677;
  35   1              if(PH<=0){PH=0;}
  36   1              if(PH>=14){PH=14;}
  37   1      }
  38          /**************PH值显示函数***************/
  39          void PH_Display()
  40          {
  41   1         
  42   1              disbuff[0]=(int)(PH*100)/1000+'0';
  43   1              disbuff[1]=(int)(PH*100)%1000/100+'0';  
  44   1              disbuff[2]='.';
  45   1              disbuff[3]=(int)(PH*100)%100/10+'0';
  46   1              disbuff[4]=(int)(PH*100)%10+'0';
  47   1      
  48   1              DisplaySingleChar(0x0,1,'P');
  49   1              DisplaySingleChar(0x1,1,'H');
  50   1              DisplaySingleChar(0x2,1,'=');
  51   1              DisplaySingleChar(0x3,1,disbuff[0]);
  52   1              DisplaySingleChar(0x4,1,disbuff[1]);
  53   1              DisplaySingleChar(0x5,1,disbuff[2]);
  54   1              DisplaySingleChar(0x6,1,disbuff[3]);
  55   1              DisplaySingleChar(0x7,1,disbuff[4]);
C51 COMPILER V9.00   MAIN                                                                  04/22/2020 20:17:16 PAGE 2   

  56   1      } 
  57          
  58          /**************主函数***************/
  59          void main()
  60          {       
  61   1              TMOD = 0x02; //中断初始化，adc0809产生时钟信号
  62   1              TH0  = 0x14;
  63   1              TL0  = 0x00;
  64   1              IE   = 0x82;
  65   1              TR0  = 1;
  66   1              P1   = 0x3f;
  67   1              LCDInit();       //LCD初始化
  68   1        DisplayString(0x0,0,"  Welcome  PH   ");
  69   1              DisplayString(0x0,1,"Detection system");
  70   1              Delay_1s();
  71   1              WriteCmd(LCD_CLS);               //清屏
  72   1              
  73   1              while(1)
  74   1              {
  75   2            PH_Collection();
  76   2                        PH_Display();
  77   2        }
  78   1      }
  79          
  80          void Timer0_INT() interrupt 1
  81          {
  82   1              CLK = !CLK;
  83   1      }


MODULE INFORMATION:   STATIC OVERLAYABLE
   CODE SIZE        =    422    ----
   CONSTANT SIZE    =     34    ----
   XDATA SIZE       =   ----    ----
   PDATA SIZE       =   ----    ----
   DATA SIZE        =     15    ----
   IDATA SIZE       =   ----    ----
   BIT SIZE         =   ----    ----
END OF MODULE INFORMATION.


C51 COMPILATION COMPLETE.  0 WARNING(S),  0 ERROR(S)
