C51 COMPILER V9.00   PH_CAIJI                                                              04/22/2020 20:57:29 PAGE 1   


C51 COMPILER V9.00, COMPILATION OF MODULE PH_CAIJI
OBJECT MODULE PLACED IN .\Objects\PH_caiji.obj
COMPILER INVOKED BY: E:\Keil\C51\BIN\C51.EXE user\PH_caiji.c BROWSE INCDIR(.\user) DEBUG OBJECTEXTEND PRINT(.\Listings\P
                    -H_caiji.lst) OBJECT(.\Objects\PH_caiji.obj)

line level    source

   1          /********************(C) COPRIGHT 2019 Crownto electronic **************************
   2           * 文件名  ：main.c
   3           * 描述    ：        
   4           * 硬件连接：
   5           * PCF8591:VCC -> 5V; GND -> GND; SCL -> P1.6;SDA -> P1.7; 
   6           *         OUT1~OUT8 -> P3口
   7           * OLED :CS -> P2.4; RST -> P2.2; DC -> P2.3;SCL -> P2.0;SDIN -> P2.1;
   8           *         D0~D7 -> P0口
   9           * PH模块: VCC -> 5V; GND -> GND; PO -> AIN0;
  10           *
  11           * 功能描述：测量PH值液晶显示；
  12                       串口接收测量所得的PH值（波特率9600）；
  13           *           可连接上位机显示PH值；
  14          淘宝店铺地址：https://shop269770855.taobao.com
  15          **********************************************************************************/
  16          
  17          #include <reg52.h>
  18          #include <include.h>
  19          
  20          typedef unsigned char uchar;
  21          typedef unsigned char uint;
  22          
  23          /**************外部变量定义************************/
  24          int num=0; 
  25          /**************变量定义***************************/
  26          double PH=0.0;
  27          unsigned char disbuff[5]={0};
  28          double ADC_Voltage=0.0;
  29          /*
  30           * 函数名：delay_1s
  31           * 描述  ：延时函数1s
  32           *         
  33           * 输入  ：unsigned int time：延时量
  34           * 输出  ：无
  35           * 说明  ：液晶显示用延时函数
  36           */
  37          void delay_1s()   //延时1s
  38          {
  39   1              unsigned char i, j, k;
  40   1      
  41   1              _nop_();
  42   1              i = 8;
  43   1              j = 1;
  44   1              k = 243;
  45   1              do
  46   1              {
  47   2                      do
  48   2                      {
  49   3                              while (--k);
  50   3                      } while (--j);
  51   2              } while (--i);
  52   1      }       
  53          
  54          /*
C51 COMPILER V9.00   PH_CAIJI                                                              04/22/2020 20:57:29 PAGE 2   

  55           * 函数名：Get_Voltage_Value
  56           * 描述  ：获取ADC0809的转换电压值
  57           *         
  58           * 输入  ：无
  59           * 输出  ：无
  60           * 说明  ：
  61           *                                              AIN0(0X40):热敏电阻
  62           *                                              AIN1(0X41):悬空
  63           *                                        AIN2(0X42):滑动变阻器
  64           *                                        AIN3(0X43):光敏电阻
  65           */
  66          void Get_Voltage_Value()
  67          {
  68   1                              ISendByte(PCF8591,0x40);
  69   1            num=IRcvByte(PCF8591);  //ADC0 模数转换1      PH电极
  70   1                        ADC_Voltage =num * 5.0/ 255;  //转换为电压值
  71   1      }
  72          /*
  73           * 函数名：Character_Conversion
  74           * 描述  ：延时函数
  75           *         
  76           * 输入  ：unsigned char n：延时量
  77           * 输出  ：无
  78           * 说明  ：
  79           */
  80          void PH_Value_Conversion()
  81          {       
  82   1              PH=-5.887*ADC_Voltage+21.677;
  83   1              
  84   1              if(PH<=0){PH=0;}
  85   1              if(PH>=14){PH=14;}
  86   1                      
  87   1         /*显示酸碱度*/
  88   1              disbuff[0]=(int)(PH*100)/1000+'0';
  89   1              disbuff[1]=(int)(PH*100)%1000/100+'0';  
  90   1              disbuff[2]='.';
  91   1              disbuff[3]=(int)(PH*100)%100/10+'0';
  92   1              disbuff[4]=(int)(PH*100)%10+'0';
  93   1              
  94   1      }
  95          void display_value()
  96          {
  97   1              
  98   1        /*显示 PH 浓度值*/
  99   1              OLED_ShowChar(24,2,disbuff[0]);//显示ASCII字符
 100   1              OLED_ShowChar(33,2,disbuff[1]);//显示ASCII字符
 101   1              OLED_ShowChar(42,2,disbuff[2]);//显示ASCII字符
 102   1              OLED_ShowChar(51,2,disbuff[3]);//显示ASCII字符  
 103   1              OLED_ShowChar(60,2,disbuff[4]);//显示ASCII字符  
 104   1      }
 105          void StartUART( void )
 106          {                                                       //波特率9600
 107   1           SCON = 0x50;
 108   1           TMOD = 0x20;
 109   1           TH1 = 0xFD;
 110   1           TL1 = 0xFD; 
 111   1           PCON = 0x00;
 112   1           TR1 = 1;
 113   1      }
 114          //**********通过串口将接收到数据发送给PC端**************
 115          void R_S_Byte(uchar R_Byte)
 116          {       
C51 COMPILER V9.00   PH_CAIJI                                                              04/22/2020 20:57:29 PAGE 3   

 117   1               SBUF = R_Byte;  
 118   1           while( TI == 0 );                          //查询法
 119   1               TI = 0;    
 120   1      }
 121          /*
 122           * 函数名：main
 123           * 描述  ：主函数
 124           * 输入  ：无
 125           * 输出  ：无
 126           */
 127          void main(void)
 128          {
 129   1              int i;
 130   1              StartUART();
 131   1              OLED_Init();                    //初始化OLED  
 132   1              OLED_Clear()    ; 
 133   1      
 134   1              
 135   1              OLED_ShowCHinese(0,0,0);
 136   1              OLED_ShowCHinese(18,0,1);
 137   1              OLED_ShowCHinese(36,0,2);
 138   1              OLED_ShowCHinese(54,0,3);
 139   1              OLED_ShowCHinese(72,0,4);
 140   1              OLED_ShowCHinese(90,0,5);
 141   1              OLED_ShowCHinese(108,0,6);
 142   1              OLED_ShowString(0,2,"PH:");     
 143   1              
 144   1              while(1)
 145   1              {               
 146   2                                      Get_Voltage_Value();
 147   2                                      PH_Value_Conversion();
 148   2                                      display_value(); 
 149   2                              for(i=0;i<5;i++)
 150   2                                      {
 151   3                                              R_S_Byte(disbuff[i]);
 152   3                                      }       
 153   2      //                              R_S_Byte('\r');//发送回车换行符
 154   2      //                              R_S_Byte('\n');
 155   2                                      delay_1s();
 156   2        }     
 157   1      }


MODULE INFORMATION:   STATIC OVERLAYABLE
   CODE SIZE        =    493    ----
   CONSTANT SIZE    =      4    ----
   XDATA SIZE       =   ----    ----
   PDATA SIZE       =   ----    ----
   DATA SIZE        =     15    ----
   IDATA SIZE       =   ----    ----
   BIT SIZE         =   ----    ----
END OF MODULE INFORMATION.


C51 COMPILATION COMPLETE.  0 WARNING(S),  0 ERROR(S)
